{"timestamp":"2025-05-28T09:43:37.565269","level":"info","event":"DAG bundles loaded: dags-folder","logger":"airflow.dag_processing.bundles.manager.DagBundlesManager"}
{"timestamp":"2025-05-28T09:43:37.565781","level":"info","event":"Filling up the DagBag from /opt/airflow/dags/ETL_dags.py","logger":"airflow.models.dagbag.DagBag"}
{"timestamp":"2025-05-28T09:43:40.583681Z","level":"info","event":"✅ Downloaded https://tdhghaslnufgtzjybhhf.supabase.co/storage/v1/object/public/datasets/Retail/retail_data_1.csv","chan":"stdout","logger":"task"}
{"timestamp":"2025-05-28T09:43:40.716617Z","level":"info","event":"⬆️  Uploaded to MinIO: bronze/data/raw/retail_data_1.csv","chan":"stdout","logger":"task"}
{"timestamp":"2025-05-28T09:43:42.553487Z","level":"info","event":"✅ Downloaded https://tdhghaslnufgtzjybhhf.supabase.co/storage/v1/object/public/datasets/Retail/retail_data_2.csv","chan":"stdout","logger":"task"}
{"timestamp":"2025-05-28T09:43:42.658402Z","level":"info","event":"⬆️  Uploaded to MinIO: bronze/data/raw/retail_data_2.csv","chan":"stdout","logger":"task"}
{"timestamp":"2025-05-28T09:43:44.357774Z","level":"info","event":"✅ Downloaded https://tdhghaslnufgtzjybhhf.supabase.co/storage/v1/object/public/datasets/Retail/retail_data_3.csv","chan":"stdout","logger":"task"}
{"timestamp":"2025-05-28T09:43:44.462180Z","level":"info","event":"⬆️  Uploaded to MinIO: bronze/data/raw/retail_data_3.csv","chan":"stdout","logger":"task"}
{"timestamp":"2025-05-28T09:43:46.268926Z","level":"info","event":"✅ Downloaded https://tdhghaslnufgtzjybhhf.supabase.co/storage/v1/object/public/datasets/Retail/retail_data_4.csv","chan":"stdout","logger":"task"}
{"timestamp":"2025-05-28T09:43:46.402901Z","level":"info","event":"⬆️  Uploaded to MinIO: bronze/data/raw/retail_data_4.csv","chan":"stdout","logger":"task"}
{"timestamp":"2025-05-28T09:43:48.014822Z","level":"info","event":"✅ Downloaded https://tdhghaslnufgtzjybhhf.supabase.co/storage/v1/object/public/datasets/Retail/retail_data_5.csv","chan":"stdout","logger":"task"}
{"timestamp":"2025-05-28T09:43:48.173067Z","level":"info","event":"⬆️  Uploaded to MinIO: bronze/data/raw/retail_data_5.csv","chan":"stdout","logger":"task"}
{"timestamp":"2025-05-28T09:43:49.881023Z","level":"info","event":"✅ Downloaded https://tdhghaslnufgtzjybhhf.supabase.co/storage/v1/object/public/datasets/Retail/retail_data_6.csv","chan":"stdout","logger":"task"}
{"timestamp":"2025-05-28T09:43:50.021174Z","level":"info","event":"⬆️  Uploaded to MinIO: bronze/data/raw/retail_data_6.csv","chan":"stdout","logger":"task"}
{"timestamp":"2025-05-28T09:43:51.983121Z","level":"info","event":"✅ Downloaded https://tdhghaslnufgtzjybhhf.supabase.co/storage/v1/object/public/datasets/Retail/retail_data_7.csv","chan":"stdout","logger":"task"}
{"timestamp":"2025-05-28T09:43:52.142282Z","level":"info","event":"⬆️  Uploaded to MinIO: bronze/data/raw/retail_data_7.csv","chan":"stdout","logger":"task"}
{"timestamp":"2025-05-28T09:43:53.856049Z","level":"info","event":"✅ Downloaded https://tdhghaslnufgtzjybhhf.supabase.co/storage/v1/object/public/datasets/Retail/retail_data_8.csv","chan":"stdout","logger":"task"}
{"timestamp":"2025-05-28T09:43:54.587332Z","level":"info","event":"⬆️  Uploaded to MinIO: bronze/data/raw/retail_data_8.csv","chan":"stdout","logger":"task"}
{"timestamp":"2025-05-28T09:43:56.365236Z","level":"info","event":"✅ Downloaded https://tdhghaslnufgtzjybhhf.supabase.co/storage/v1/object/public/datasets/Retail/retail_data_9.csv","chan":"stdout","logger":"task"}
{"timestamp":"2025-05-28T09:43:56.494806Z","level":"info","event":"⬆️  Uploaded to MinIO: bronze/data/raw/retail_data_9.csv","chan":"stdout","logger":"task"}
{"timestamp":"2025-05-28T09:44:32.532479Z","level":"info","event":"✅ Downloaded https://tdhghaslnufgtzjybhhf.supabase.co/storage/v1/object/public/datasets/Retail/retail_data_10.csv","chan":"stdout","logger":"task"}
{"timestamp":"2025-05-28T09:44:32.692513Z","level":"info","event":"⬆️  Uploaded to MinIO: bronze/data/raw/retail_data_10.csv","chan":"stdout","logger":"task"}
{"timestamp":"2025-05-28T09:44:40.986874","level":"info","event":"Done. Returned value was: None","logger":"airflow.task.operators.airflow.providers.standard.operators.python.PythonOperator"}
