{"timestamp":"2025-05-28T10:30:09.380025","level":"info","event":"DAG bundles loaded: dags-folder","logger":"airflow.dag_processing.bundles.manager.DagBundlesManager"}
{"timestamp":"2025-05-28T10:30:09.381385","level":"info","event":"Filling up the DagBag from /opt/airflow/dags/ETL_dags.py","logger":"airflow.models.dagbag.DagBag"}
{"timestamp":"2025-05-28T10:30:12.641166Z","level":"info","event":"✅ Downloaded https://tdhghaslnufgtzjybhhf.supabase.co/storage/v1/object/public/datasets/Retail/retail_data_1.csv","chan":"stdout","logger":"task"}
{"timestamp":"2025-05-28T10:30:12.770932Z","level":"info","event":"⬆️  Uploaded to MinIO: bronze/data/raw/retail_data_1.csv","chan":"stdout","logger":"task"}
{"timestamp":"2025-05-28T10:30:14.449306Z","level":"info","event":"✅ Downloaded https://tdhghaslnufgtzjybhhf.supabase.co/storage/v1/object/public/datasets/Retail/retail_data_2.csv","chan":"stdout","logger":"task"}
{"timestamp":"2025-05-28T10:30:14.787918Z","level":"info","event":"⬆️  Uploaded to MinIO: bronze/data/raw/retail_data_2.csv","chan":"stdout","logger":"task"}
{"timestamp":"2025-05-28T10:30:46.080884Z","level":"info","event":"✅ Downloaded https://tdhghaslnufgtzjybhhf.supabase.co/storage/v1/object/public/datasets/Retail/retail_data_3.csv","chan":"stdout","logger":"task"}
{"timestamp":"2025-05-28T10:30:46.220731Z","level":"info","event":"⬆️  Uploaded to MinIO: bronze/data/raw/retail_data_3.csv","chan":"stdout","logger":"task"}
{"timestamp":"2025-05-28T10:30:47.986152Z","level":"info","event":"✅ Downloaded https://tdhghaslnufgtzjybhhf.supabase.co/storage/v1/object/public/datasets/Retail/retail_data_4.csv","chan":"stdout","logger":"task"}
{"timestamp":"2025-05-28T10:30:48.101832Z","level":"info","event":"⬆️  Uploaded to MinIO: bronze/data/raw/retail_data_4.csv","chan":"stdout","logger":"task"}
{"timestamp":"2025-05-28T10:31:10.323748Z","level":"info","event":"✅ Downloaded https://tdhghaslnufgtzjybhhf.supabase.co/storage/v1/object/public/datasets/Retail/retail_data_5.csv","chan":"stdout","logger":"task"}
{"timestamp":"2025-05-28T10:31:10.435852Z","level":"info","event":"⬆️  Uploaded to MinIO: bronze/data/raw/retail_data_5.csv","chan":"stdout","logger":"task"}
{"timestamp":"2025-05-28T10:31:33.818033Z","level":"info","event":"✅ Downloaded https://tdhghaslnufgtzjybhhf.supabase.co/storage/v1/object/public/datasets/Retail/retail_data_6.csv","chan":"stdout","logger":"task"}
{"timestamp":"2025-05-28T10:31:33.970657Z","level":"info","event":"⬆️  Uploaded to MinIO: bronze/data/raw/retail_data_6.csv","chan":"stdout","logger":"task"}
{"timestamp":"2025-05-28T10:31:35.644648Z","level":"info","event":"✅ Downloaded https://tdhghaslnufgtzjybhhf.supabase.co/storage/v1/object/public/datasets/Retail/retail_data_7.csv","chan":"stdout","logger":"task"}
{"timestamp":"2025-05-28T10:31:35.817659Z","level":"info","event":"⬆️  Uploaded to MinIO: bronze/data/raw/retail_data_7.csv","chan":"stdout","logger":"task"}
{"timestamp":"2025-05-28T10:31:37.566355Z","level":"info","event":"✅ Downloaded https://tdhghaslnufgtzjybhhf.supabase.co/storage/v1/object/public/datasets/Retail/retail_data_8.csv","chan":"stdout","logger":"task"}
{"timestamp":"2025-05-28T10:31:37.673688Z","level":"info","event":"⬆️  Uploaded to MinIO: bronze/data/raw/retail_data_8.csv","chan":"stdout","logger":"task"}
{"timestamp":"2025-05-28T10:31:39.416762Z","level":"info","event":"✅ Downloaded https://tdhghaslnufgtzjybhhf.supabase.co/storage/v1/object/public/datasets/Retail/retail_data_9.csv","chan":"stdout","logger":"task"}
{"timestamp":"2025-05-28T10:31:39.605026Z","level":"info","event":"⬆️  Uploaded to MinIO: bronze/data/raw/retail_data_9.csv","chan":"stdout","logger":"task"}
{"timestamp":"2025-05-28T10:31:41.430390Z","level":"info","event":"✅ Downloaded https://tdhghaslnufgtzjybhhf.supabase.co/storage/v1/object/public/datasets/Retail/retail_data_10.csv","chan":"stdout","logger":"task"}
{"timestamp":"2025-05-28T10:31:41.568167Z","level":"info","event":"⬆️  Uploaded to MinIO: bronze/data/raw/retail_data_10.csv","chan":"stdout","logger":"task"}
{"timestamp":"2025-05-28T10:31:51.223791","level":"info","event":"Done. Returned value was: None","logger":"airflow.task.operators.airflow.providers.standard.operators.python.PythonOperator"}
