{"timestamp":"2025-05-28T10:06:57.496618","level":"info","event":"DAG bundles loaded: dags-folder","logger":"airflow.dag_processing.bundles.manager.DagBundlesManager"}
{"timestamp":"2025-05-28T10:06:57.497271","level":"info","event":"Filling up the DagBag from /opt/airflow/dags/ETL_dags.py","logger":"airflow.models.dagbag.DagBag"}
{"timestamp":"2025-05-28T10:07:00.638816Z","level":"info","event":"✅ Downloaded https://tdhghaslnufgtzjybhhf.supabase.co/storage/v1/object/public/datasets/Retail/retail_data_1.csv","chan":"stdout","logger":"task"}
{"timestamp":"2025-05-28T10:07:00.854729Z","level":"info","event":"⬆️  Uploaded to MinIO: bronze/data/raw/retail_data_1.csv","chan":"stdout","logger":"task"}
{"timestamp":"2025-05-28T10:07:02.687486Z","level":"info","event":"✅ Downloaded https://tdhghaslnufgtzjybhhf.supabase.co/storage/v1/object/public/datasets/Retail/retail_data_2.csv","chan":"stdout","logger":"task"}
{"timestamp":"2025-05-28T10:07:02.834147Z","level":"info","event":"⬆️  Uploaded to MinIO: bronze/data/raw/retail_data_2.csv","chan":"stdout","logger":"task"}
{"timestamp":"2025-05-28T10:07:04.939764Z","level":"info","event":"✅ Downloaded https://tdhghaslnufgtzjybhhf.supabase.co/storage/v1/object/public/datasets/Retail/retail_data_3.csv","chan":"stdout","logger":"task"}
{"timestamp":"2025-05-28T10:07:05.084766Z","level":"info","event":"⬆️  Uploaded to MinIO: bronze/data/raw/retail_data_3.csv","chan":"stdout","logger":"task"}
{"timestamp":"2025-05-28T10:07:07.127884Z","level":"info","event":"✅ Downloaded https://tdhghaslnufgtzjybhhf.supabase.co/storage/v1/object/public/datasets/Retail/retail_data_4.csv","chan":"stdout","logger":"task"}
{"timestamp":"2025-05-28T10:07:07.268964Z","level":"info","event":"⬆️  Uploaded to MinIO: bronze/data/raw/retail_data_4.csv","chan":"stdout","logger":"task"}
{"timestamp":"2025-05-28T10:07:15.588599Z","level":"info","event":"✅ Downloaded https://tdhghaslnufgtzjybhhf.supabase.co/storage/v1/object/public/datasets/Retail/retail_data_5.csv","chan":"stdout","logger":"task"}
{"timestamp":"2025-05-28T10:07:15.763509Z","level":"info","event":"⬆️  Uploaded to MinIO: bronze/data/raw/retail_data_5.csv","chan":"stdout","logger":"task"}
{"timestamp":"2025-05-28T10:08:08.518057Z","level":"info","event":"✅ Downloaded https://tdhghaslnufgtzjybhhf.supabase.co/storage/v1/object/public/datasets/Retail/retail_data_6.csv","chan":"stdout","logger":"task"}
{"timestamp":"2025-05-28T10:08:08.634221Z","level":"info","event":"⬆️  Uploaded to MinIO: bronze/data/raw/retail_data_6.csv","chan":"stdout","logger":"task"}
{"timestamp":"2025-05-28T10:08:10.986000Z","level":"info","event":"✅ Downloaded https://tdhghaslnufgtzjybhhf.supabase.co/storage/v1/object/public/datasets/Retail/retail_data_7.csv","chan":"stdout","logger":"task"}
{"timestamp":"2025-05-28T10:08:11.118846Z","level":"info","event":"⬆️  Uploaded to MinIO: bronze/data/raw/retail_data_7.csv","chan":"stdout","logger":"task"}
{"timestamp":"2025-05-28T10:09:02.961800Z","level":"info","event":"✅ Downloaded https://tdhghaslnufgtzjybhhf.supabase.co/storage/v1/object/public/datasets/Retail/retail_data_8.csv","chan":"stdout","logger":"task"}
{"timestamp":"2025-05-28T10:09:03.074247Z","level":"info","event":"⬆️  Uploaded to MinIO: bronze/data/raw/retail_data_8.csv","chan":"stdout","logger":"task"}
{"timestamp":"2025-05-28T10:09:05.599665Z","level":"info","event":"✅ Downloaded https://tdhghaslnufgtzjybhhf.supabase.co/storage/v1/object/public/datasets/Retail/retail_data_9.csv","chan":"stdout","logger":"task"}
{"timestamp":"2025-05-28T10:09:05.719990Z","level":"info","event":"⬆️  Uploaded to MinIO: bronze/data/raw/retail_data_9.csv","chan":"stdout","logger":"task"}
{"timestamp":"2025-05-28T10:09:58.608391Z","level":"info","event":"✅ Downloaded https://tdhghaslnufgtzjybhhf.supabase.co/storage/v1/object/public/datasets/Retail/retail_data_10.csv","chan":"stdout","logger":"task"}
{"timestamp":"2025-05-28T10:09:58.727932Z","level":"info","event":"⬆️  Uploaded to MinIO: bronze/data/raw/retail_data_10.csv","chan":"stdout","logger":"task"}
{"timestamp":"2025-05-28T10:10:06.366101","level":"info","event":"Done. Returned value was: None","logger":"airflow.task.operators.airflow.providers.standard.operators.python.PythonOperator"}
