{"timestamp":"2025-05-28T06:45:48.338187","level":"info","event":"DAG bundles loaded: dags-folder","logger":"airflow.dag_processing.bundles.manager.DagBundlesManager"}
{"timestamp":"2025-05-28T06:45:48.338837","level":"info","event":"Filling up the DagBag from /opt/airflow/dags/ETL_dags.py","logger":"airflow.models.dagbag.DagBag"}
{"timestamp":"2025-05-28T06:45:50.662165Z","level":"info","event":"✅ Downloaded https://tdhghaslnufgtzjybhhf.supabase.co/storage/v1/object/public/datasets/Retail/retail_data_1.csv","chan":"stdout","logger":"task"}
{"timestamp":"2025-05-28T06:45:50.828019Z","level":"info","event":"⬆️  Uploaded to MinIO: raw/retail_data_1.csv","chan":"stdout","logger":"task"}
{"timestamp":"2025-05-28T06:45:52.073677Z","level":"info","event":"✅ Downloaded https://tdhghaslnufgtzjybhhf.supabase.co/storage/v1/object/public/datasets/Retail/retail_data_2.csv","chan":"stdout","logger":"task"}
{"timestamp":"2025-05-28T06:45:52.237072Z","level":"info","event":"⬆️  Uploaded to MinIO: raw/retail_data_2.csv","chan":"stdout","logger":"task"}
{"timestamp":"2025-05-28T06:45:53.458043Z","level":"info","event":"✅ Downloaded https://tdhghaslnufgtzjybhhf.supabase.co/storage/v1/object/public/datasets/Retail/retail_data_3.csv","chan":"stdout","logger":"task"}
{"timestamp":"2025-05-28T06:45:53.598381Z","level":"info","event":"⬆️  Uploaded to MinIO: raw/retail_data_3.csv","chan":"stdout","logger":"task"}
{"timestamp":"2025-05-28T06:45:54.828213Z","level":"info","event":"✅ Downloaded https://tdhghaslnufgtzjybhhf.supabase.co/storage/v1/object/public/datasets/Retail/retail_data_4.csv","chan":"stdout","logger":"task"}
{"timestamp":"2025-05-28T06:45:54.944137Z","level":"info","event":"⬆️  Uploaded to MinIO: raw/retail_data_4.csv","chan":"stdout","logger":"task"}
{"timestamp":"2025-05-28T06:45:56.159387Z","level":"info","event":"✅ Downloaded https://tdhghaslnufgtzjybhhf.supabase.co/storage/v1/object/public/datasets/Retail/retail_data_5.csv","chan":"stdout","logger":"task"}
{"timestamp":"2025-05-28T06:45:56.286129Z","level":"info","event":"⬆️  Uploaded to MinIO: raw/retail_data_5.csv","chan":"stdout","logger":"task"}
{"timestamp":"2025-05-28T06:45:57.478221Z","level":"info","event":"✅ Downloaded https://tdhghaslnufgtzjybhhf.supabase.co/storage/v1/object/public/datasets/Retail/retail_data_6.csv","chan":"stdout","logger":"task"}
{"timestamp":"2025-05-28T06:45:57.604649Z","level":"info","event":"⬆️  Uploaded to MinIO: raw/retail_data_6.csv","chan":"stdout","logger":"task"}
{"timestamp":"2025-05-28T06:45:58.859705Z","level":"info","event":"✅ Downloaded https://tdhghaslnufgtzjybhhf.supabase.co/storage/v1/object/public/datasets/Retail/retail_data_7.csv","chan":"stdout","logger":"task"}
{"timestamp":"2025-05-28T06:45:59.032749Z","level":"info","event":"⬆️  Uploaded to MinIO: raw/retail_data_7.csv","chan":"stdout","logger":"task"}
{"timestamp":"2025-05-28T06:46:00.478444Z","level":"info","event":"✅ Downloaded https://tdhghaslnufgtzjybhhf.supabase.co/storage/v1/object/public/datasets/Retail/retail_data_8.csv","chan":"stdout","logger":"task"}
{"timestamp":"2025-05-28T06:46:00.629622Z","level":"info","event":"⬆️  Uploaded to MinIO: raw/retail_data_8.csv","chan":"stdout","logger":"task"}
{"timestamp":"2025-05-28T06:46:01.900047Z","level":"info","event":"✅ Downloaded https://tdhghaslnufgtzjybhhf.supabase.co/storage/v1/object/public/datasets/Retail/retail_data_9.csv","chan":"stdout","logger":"task"}
{"timestamp":"2025-05-28T06:46:02.290516Z","level":"info","event":"⬆️  Uploaded to MinIO: raw/retail_data_9.csv","chan":"stdout","logger":"task"}
{"timestamp":"2025-05-28T06:46:03.544781Z","level":"info","event":"✅ Downloaded https://tdhghaslnufgtzjybhhf.supabase.co/storage/v1/object/public/datasets/Retail/retail_data_10.csv","chan":"stdout","logger":"task"}
{"timestamp":"2025-05-28T06:46:03.694659Z","level":"info","event":"⬆️  Uploaded to MinIO: raw/retail_data_10.csv","chan":"stdout","logger":"task"}
{"timestamp":"2025-05-28T06:46:03.695611","level":"info","event":"Done. Returned value was: None","logger":"airflow.task.operators.airflow.providers.standard.operators.python.PythonOperator"}
