{"timestamp":"2025-05-28T08:47:06.847321","level":"info","event":"DAG bundles loaded: dags-folder","logger":"airflow.dag_processing.bundles.manager.DagBundlesManager"}
{"timestamp":"2025-05-28T08:47:06.847895","level":"info","event":"Filling up the DagBag from /opt/airflow/dags/ETL_dags.py","logger":"airflow.models.dagbag.DagBag"}
{"timestamp":"2025-05-28T08:47:08.907433Z","level":"info","event":"✅ Downloaded https://tdhghaslnufgtzjybhhf.supabase.co/storage/v1/object/public/datasets/Retail/retail_data_1.csv","chan":"stdout","logger":"task"}
{"timestamp":"2025-05-28T08:47:09.058828Z","level":"info","event":"⬆️  Uploaded to MinIO: data/raw/retail_data_1.csv","chan":"stdout","logger":"task"}
{"timestamp":"2025-05-28T08:47:10.314045Z","level":"info","event":"✅ Downloaded https://tdhghaslnufgtzjybhhf.supabase.co/storage/v1/object/public/datasets/Retail/retail_data_2.csv","chan":"stdout","logger":"task"}
{"timestamp":"2025-05-28T08:47:10.476220Z","level":"info","event":"⬆️  Uploaded to MinIO: data/raw/retail_data_2.csv","chan":"stdout","logger":"task"}
{"timestamp":"2025-05-28T08:47:11.807991Z","level":"info","event":"✅ Downloaded https://tdhghaslnufgtzjybhhf.supabase.co/storage/v1/object/public/datasets/Retail/retail_data_3.csv","chan":"stdout","logger":"task"}
{"timestamp":"2025-05-28T08:47:11.922514Z","level":"info","event":"⬆️  Uploaded to MinIO: data/raw/retail_data_3.csv","chan":"stdout","logger":"task"}
{"timestamp":"2025-05-28T08:47:13.146080Z","level":"info","event":"✅ Downloaded https://tdhghaslnufgtzjybhhf.supabase.co/storage/v1/object/public/datasets/Retail/retail_data_4.csv","chan":"stdout","logger":"task"}
{"timestamp":"2025-05-28T08:47:13.638886Z","level":"info","event":"⬆️  Uploaded to MinIO: data/raw/retail_data_4.csv","chan":"stdout","logger":"task"}
{"timestamp":"2025-05-28T08:47:22.715831Z","level":"info","event":"✅ Downloaded https://tdhghaslnufgtzjybhhf.supabase.co/storage/v1/object/public/datasets/Retail/retail_data_5.csv","chan":"stdout","logger":"task"}
{"timestamp":"2025-05-28T08:47:22.875712Z","level":"info","event":"⬆️  Uploaded to MinIO: data/raw/retail_data_5.csv","chan":"stdout","logger":"task"}
{"timestamp":"2025-05-28T08:47:30.528670Z","level":"info","event":"✅ Downloaded https://tdhghaslnufgtzjybhhf.supabase.co/storage/v1/object/public/datasets/Retail/retail_data_6.csv","chan":"stdout","logger":"task"}
{"timestamp":"2025-05-28T08:47:30.674879Z","level":"info","event":"⬆️  Uploaded to MinIO: data/raw/retail_data_6.csv","chan":"stdout","logger":"task"}
{"timestamp":"2025-05-28T08:47:40.212810Z","level":"info","event":"✅ Downloaded https://tdhghaslnufgtzjybhhf.supabase.co/storage/v1/object/public/datasets/Retail/retail_data_7.csv","chan":"stdout","logger":"task"}
{"timestamp":"2025-05-28T08:47:40.398532Z","level":"info","event":"⬆️  Uploaded to MinIO: data/raw/retail_data_7.csv","chan":"stdout","logger":"task"}
{"timestamp":"2025-05-28T08:47:50.949255Z","level":"info","event":"✅ Downloaded https://tdhghaslnufgtzjybhhf.supabase.co/storage/v1/object/public/datasets/Retail/retail_data_8.csv","chan":"stdout","logger":"task"}
{"timestamp":"2025-05-28T08:47:50.949555Z","level":"info","event":"⬆️  Uploaded to MinIO: data/raw/retail_data_8.csv","chan":"stdout","logger":"task"}
{"timestamp":"2025-05-28T08:47:51.968241Z","level":"info","event":"✅ Downloaded https://tdhghaslnufgtzjybhhf.supabase.co/storage/v1/object/public/datasets/Retail/retail_data_9.csv","chan":"stdout","logger":"task"}
{"timestamp":"2025-05-28T08:47:52.156332Z","level":"info","event":"⬆️  Uploaded to MinIO: data/raw/retail_data_9.csv","chan":"stdout","logger":"task"}
{"timestamp":"2025-05-28T08:48:05.064681Z","level":"info","event":"✅ Downloaded https://tdhghaslnufgtzjybhhf.supabase.co/storage/v1/object/public/datasets/Retail/retail_data_10.csv","chan":"stdout","logger":"task"}
{"timestamp":"2025-05-28T08:48:05.228891Z","level":"info","event":"⬆️  Uploaded to MinIO: data/raw/retail_data_10.csv","chan":"stdout","logger":"task"}
{"timestamp":"2025-05-28T08:48:07.413997Z","level":"error","event":"25/05/28 08:48:07 WARN NativeCodeLoader: Unable to load native-hadoop library for your platform... using builtin-java classes where applicable","chan":"stderr","logger":"task"}
{"timestamp":"2025-05-28T08:48:07.635226Z","level":"error","event":"Setting default log level to \"WARN\".","chan":"stderr","logger":"task"}
{"timestamp":"2025-05-28T08:48:07.635702Z","level":"error","event":"To adjust logging level use sc.setLogLevel(newLevel). For SparkR, use setLogLevel(newLevel).","chan":"stderr","logger":"task"}
{"timestamp":"2025-05-28T08:48:11.688096Z","level":"error","event":"25/05/28 08:48:11 WARN MetricsConfig: Cannot locate configuration: tried hadoop-metrics2-s3a-file-system.properties,hadoop-metrics2.properties","chan":"stderr","logger":"task"}
{"timestamp":"2025-05-28T08:48:18.086198Z","level":"error","event":"25/05/28 08:48:18 WARN SparkStringUtils: Truncated the string representation of a plan since it was too large. This behavior can be adjusted by setting 'spark.sql.debug.maxToStringFields'.","chan":"stderr","logger":"task"}
{"timestamp":"2025-05-28T08:48:18.155741Z","level":"error","event":"25/05/28 08:48:18 WARN AbstractS3ACommitterFactory: Using standard FileOutputCommitter to commit work. This is slow and potentially unsafe.","chan":"stderr","logger":"task"}
{"timestamp":"2025-05-28T08:48:18.622158Z","level":"error","event":"25/05/28 08:48:18 WARN AbstractS3ACommitterFactory: Using standard FileOutputCommitter to commit work. This is slow and potentially unsafe.","chan":"stderr","logger":"task"}
{"timestamp":"2025-05-28T08:48:18.623303Z","level":"error","event":"25/05/28 08:48:18 WARN AbstractS3ACommitterFactory: Using standard FileOutputCommitter to commit work. This is slow and potentially unsafe.","chan":"stderr","logger":"task"}
{"timestamp":"2025-05-28T08:48:18.624143Z","level":"error","event":"25/05/28 08:48:18 WARN AbstractS3ACommitterFactory: Using standard FileOutputCommitter to commit work. This is slow and potentially unsafe.","chan":"stderr","logger":"task"}
{"timestamp":"2025-05-28T08:48:18.624632Z","level":"error","event":"25/05/28 08:48:18 WARN AbstractS3ACommitterFactory: Using standard FileOutputCommitter to commit work. This is slow and potentially unsafe.","chan":"stderr","logger":"task"}
{"timestamp":"2025-05-28T08:48:18.625566Z","level":"error","event":"25/05/28 08:48:18 WARN AbstractS3ACommitterFactory: Using standard FileOutputCommitter to commit work. This is slow and potentially unsafe.","chan":"stderr","logger":"task"}
{"timestamp":"2025-05-28T08:48:18.627235Z","level":"error","event":"25/05/28 08:48:18 WARN AbstractS3ACommitterFactory: Using standard FileOutputCommitter to commit work. This is slow and potentially unsafe.","chan":"stderr","logger":"task"}
{"timestamp":"2025-05-28T08:48:18.630663Z","level":"error","event":"25/05/28 08:48:18 WARN AbstractS3ACommitterFactory: Using standard FileOutputCommitter to commit work. This is slow and potentially unsafe.","chan":"stderr","logger":"task"}
{"timestamp":"2025-05-28T08:48:18.631342Z","level":"error","event":"25/05/28 08:48:18 WARN AbstractS3ACommitterFactory: Using standard FileOutputCommitter to commit work. This is slow and potentially unsafe.","chan":"stderr","logger":"task"}
{"timestamp":"2025-05-28T08:48:18.631771Z","level":"error","event":"25/05/28 08:48:18 WARN AbstractS3ACommitterFactory: Using standard FileOutputCommitter to commit work. This is slow and potentially unsafe.","chan":"stderr","logger":"task"}
{"timestamp":"2025-05-28T08:48:18.637420Z","level":"error","event":"25/05/28 08:48:18 WARN AbstractS3ACommitterFactory: Using standard FileOutputCommitter to commit work. This is slow and potentially unsafe.","chan":"stderr","logger":"task"}
{"timestamp":"2025-05-28T08:48:23.878546","level":"info","event":"Done. Returned value was: None","logger":"airflow.task.operators.airflow.providers.standard.operators.python.PythonOperator"}
{"timestamp":"2025-05-28T08:48:24.353862Z","level":"error","event":"\r[Stage 1:>                                                        (0 + 10) / 10]\r\r[Stage 1:==============================================>           (8 + 2) / 10]","chan":"stderr","logger":"task"}
