{"timestamp":"2025-05-28T06:46:13.509714","level":"info","event":"DAG bundles loaded: dags-folder","logger":"airflow.dag_processing.bundles.manager.DagBundlesManager"}
{"timestamp":"2025-05-28T06:46:13.510375","level":"info","event":"Filling up the DagBag from /opt/airflow/dags/ETL_dags.py","logger":"airflow.models.dagbag.DagBag"}
{"timestamp":"2025-05-28T06:46:14.823542Z","level":"info","event":"✅ Downloaded https://tdhghaslnufgtzjybhhf.supabase.co/storage/v1/object/public/datasets/Retail/retail_data_1.csv","chan":"stdout","logger":"task"}
{"timestamp":"2025-05-28T06:46:15.045368Z","level":"info","event":"⬆️  Uploaded to MinIO: raw/retail_data_1.csv","chan":"stdout","logger":"task"}
{"timestamp":"2025-05-28T06:46:16.023731Z","level":"info","event":"✅ Downloaded https://tdhghaslnufgtzjybhhf.supabase.co/storage/v1/object/public/datasets/Retail/retail_data_2.csv","chan":"stdout","logger":"task"}
{"timestamp":"2025-05-28T06:46:16.174665Z","level":"info","event":"⬆️  Uploaded to MinIO: raw/retail_data_2.csv","chan":"stdout","logger":"task"}
{"timestamp":"2025-05-28T06:46:17.044001Z","level":"info","event":"✅ Downloaded https://tdhghaslnufgtzjybhhf.supabase.co/storage/v1/object/public/datasets/Retail/retail_data_3.csv","chan":"stdout","logger":"task"}
{"timestamp":"2025-05-28T06:46:17.177405Z","level":"info","event":"⬆️  Uploaded to MinIO: raw/retail_data_3.csv","chan":"stdout","logger":"task"}
{"timestamp":"2025-05-28T06:46:18.060323Z","level":"info","event":"✅ Downloaded https://tdhghaslnufgtzjybhhf.supabase.co/storage/v1/object/public/datasets/Retail/retail_data_4.csv","chan":"stdout","logger":"task"}
{"timestamp":"2025-05-28T06:46:18.273556Z","level":"info","event":"⬆️  Uploaded to MinIO: raw/retail_data_4.csv","chan":"stdout","logger":"task"}
{"timestamp":"2025-05-28T06:46:19.178345Z","level":"info","event":"✅ Downloaded https://tdhghaslnufgtzjybhhf.supabase.co/storage/v1/object/public/datasets/Retail/retail_data_5.csv","chan":"stdout","logger":"task"}
{"timestamp":"2025-05-28T06:46:19.341391Z","level":"info","event":"⬆️  Uploaded to MinIO: raw/retail_data_5.csv","chan":"stdout","logger":"task"}
{"timestamp":"2025-05-28T06:46:20.277209Z","level":"info","event":"✅ Downloaded https://tdhghaslnufgtzjybhhf.supabase.co/storage/v1/object/public/datasets/Retail/retail_data_6.csv","chan":"stdout","logger":"task"}
{"timestamp":"2025-05-28T06:46:20.408582Z","level":"info","event":"⬆️  Uploaded to MinIO: raw/retail_data_6.csv","chan":"stdout","logger":"task"}
{"timestamp":"2025-05-28T06:46:21.323542Z","level":"info","event":"✅ Downloaded https://tdhghaslnufgtzjybhhf.supabase.co/storage/v1/object/public/datasets/Retail/retail_data_7.csv","chan":"stdout","logger":"task"}
{"timestamp":"2025-05-28T06:46:21.474540Z","level":"info","event":"⬆️  Uploaded to MinIO: raw/retail_data_7.csv","chan":"stdout","logger":"task"}
{"timestamp":"2025-05-28T06:46:22.328268Z","level":"info","event":"✅ Downloaded https://tdhghaslnufgtzjybhhf.supabase.co/storage/v1/object/public/datasets/Retail/retail_data_8.csv","chan":"stdout","logger":"task"}
{"timestamp":"2025-05-28T06:46:22.473108Z","level":"info","event":"⬆️  Uploaded to MinIO: raw/retail_data_8.csv","chan":"stdout","logger":"task"}
{"timestamp":"2025-05-28T06:46:23.497359Z","level":"info","event":"✅ Downloaded https://tdhghaslnufgtzjybhhf.supabase.co/storage/v1/object/public/datasets/Retail/retail_data_9.csv","chan":"stdout","logger":"task"}
{"timestamp":"2025-05-28T06:46:23.666579Z","level":"info","event":"⬆️  Uploaded to MinIO: raw/retail_data_9.csv","chan":"stdout","logger":"task"}
{"timestamp":"2025-05-28T06:46:24.727111Z","level":"info","event":"✅ Downloaded https://tdhghaslnufgtzjybhhf.supabase.co/storage/v1/object/public/datasets/Retail/retail_data_10.csv","chan":"stdout","logger":"task"}
{"timestamp":"2025-05-28T06:46:24.902975Z","level":"info","event":"⬆️  Uploaded to MinIO: raw/retail_data_10.csv","chan":"stdout","logger":"task"}
{"timestamp":"2025-05-28T06:46:24.904081","level":"info","event":"Done. Returned value was: None","logger":"airflow.task.operators.airflow.providers.standard.operators.python.PythonOperator"}
