{"timestamp":"2025-05-28T12:46:46.430275","level":"info","event":"DAG bundles loaded: dags-folder","logger":"airflow.dag_processing.bundles.manager.DagBundlesManager"}
{"timestamp":"2025-05-28T12:46:46.430962","level":"info","event":"Filling up the DagBag from /opt/airflow/dags/ETL_dags.py","logger":"airflow.models.dagbag.DagBag"}
{"timestamp":"2025-05-28T12:46:49.722970Z","level":"info","event":"✅ Downloaded https://tdhghaslnufgtzjybhhf.supabase.co/storage/v1/object/public/datasets/Retail/retail_data_1.csv","chan":"stdout","logger":"task"}
{"timestamp":"2025-05-28T12:46:49.875094Z","level":"info","event":"⬆️  Uploaded to MinIO: bronze/data/raw/retail_data_1.csv","chan":"stdout","logger":"task"}
{"timestamp":"2025-05-28T12:46:51.475393Z","level":"info","event":"✅ Downloaded https://tdhghaslnufgtzjybhhf.supabase.co/storage/v1/object/public/datasets/Retail/retail_data_2.csv","chan":"stdout","logger":"task"}
{"timestamp":"2025-05-28T12:46:51.626853Z","level":"info","event":"⬆️  Uploaded to MinIO: bronze/data/raw/retail_data_2.csv","chan":"stdout","logger":"task"}
{"timestamp":"2025-05-28T12:46:53.425714Z","level":"info","event":"✅ Downloaded https://tdhghaslnufgtzjybhhf.supabase.co/storage/v1/object/public/datasets/Retail/retail_data_3.csv","chan":"stdout","logger":"task"}
{"timestamp":"2025-05-28T12:46:53.595500Z","level":"info","event":"⬆️  Uploaded to MinIO: bronze/data/raw/retail_data_3.csv","chan":"stdout","logger":"task"}
{"timestamp":"2025-05-28T12:46:55.110067Z","level":"info","event":"✅ Downloaded https://tdhghaslnufgtzjybhhf.supabase.co/storage/v1/object/public/datasets/Retail/retail_data_4.csv","chan":"stdout","logger":"task"}
{"timestamp":"2025-05-28T12:46:55.246332Z","level":"info","event":"⬆️  Uploaded to MinIO: bronze/data/raw/retail_data_4.csv","chan":"stdout","logger":"task"}
{"timestamp":"2025-05-28T12:46:56.788179Z","level":"info","event":"✅ Downloaded https://tdhghaslnufgtzjybhhf.supabase.co/storage/v1/object/public/datasets/Retail/retail_data_5.csv","chan":"stdout","logger":"task"}
{"timestamp":"2025-05-28T12:46:56.925873Z","level":"info","event":"⬆️  Uploaded to MinIO: bronze/data/raw/retail_data_5.csv","chan":"stdout","logger":"task"}
{"timestamp":"2025-05-28T12:46:58.598008Z","level":"info","event":"✅ Downloaded https://tdhghaslnufgtzjybhhf.supabase.co/storage/v1/object/public/datasets/Retail/retail_data_6.csv","chan":"stdout","logger":"task"}
{"timestamp":"2025-05-28T12:46:58.737168Z","level":"info","event":"⬆️  Uploaded to MinIO: bronze/data/raw/retail_data_6.csv","chan":"stdout","logger":"task"}
{"timestamp":"2025-05-28T12:47:13.904630Z","level":"info","event":"✅ Downloaded https://tdhghaslnufgtzjybhhf.supabase.co/storage/v1/object/public/datasets/Retail/retail_data_7.csv","chan":"stdout","logger":"task"}
{"timestamp":"2025-05-28T12:47:14.084234Z","level":"info","event":"⬆️  Uploaded to MinIO: bronze/data/raw/retail_data_7.csv","chan":"stdout","logger":"task"}
{"timestamp":"2025-05-28T12:47:30.896496Z","level":"info","event":"✅ Downloaded https://tdhghaslnufgtzjybhhf.supabase.co/storage/v1/object/public/datasets/Retail/retail_data_8.csv","chan":"stdout","logger":"task"}
{"timestamp":"2025-05-28T12:47:32.190469Z","level":"info","event":"⬆️  Uploaded to MinIO: bronze/data/raw/retail_data_8.csv","chan":"stdout","logger":"task"}
{"timestamp":"2025-05-28T12:47:34.106382Z","level":"info","event":"✅ Downloaded https://tdhghaslnufgtzjybhhf.supabase.co/storage/v1/object/public/datasets/Retail/retail_data_9.csv","chan":"stdout","logger":"task"}
{"timestamp":"2025-05-28T12:47:35.155655Z","level":"info","event":"⬆️  Uploaded to MinIO: bronze/data/raw/retail_data_9.csv","chan":"stdout","logger":"task"}
{"timestamp":"2025-05-28T12:47:53.363824Z","level":"info","event":"✅ Downloaded https://tdhghaslnufgtzjybhhf.supabase.co/storage/v1/object/public/datasets/Retail/retail_data_10.csv","chan":"stdout","logger":"task"}
{"timestamp":"2025-05-28T12:47:57.953210Z","level":"info","event":"⬆️  Uploaded to MinIO: bronze/data/raw/retail_data_10.csv","chan":"stdout","logger":"task"}
{"timestamp":"2025-05-28T12:48:07.687233","level":"info","event":"Done. Returned value was: None","logger":"airflow.task.operators.airflow.providers.standard.operators.python.PythonOperator"}
