{"timestamp":"2025-05-28T06:56:39.650570","level":"info","event":"DAG bundles loaded: dags-folder","logger":"airflow.dag_processing.bundles.manager.DagBundlesManager"}
{"timestamp":"2025-05-28T06:56:39.652856","level":"info","event":"Filling up the DagBag from /opt/airflow/dags/ETL_dags.py","logger":"airflow.models.dagbag.DagBag"}
{"timestamp":"2025-05-28T06:56:48.196656Z","level":"info","event":"✅ Downloaded https://tdhghaslnufgtzjybhhf.supabase.co/storage/v1/object/public/datasets/Retail/retail_data_1.csv","chan":"stdout","logger":"task"}
{"timestamp":"2025-05-28T06:56:48.335500Z","level":"info","event":"⬆️  Uploaded to MinIO: raw/retail_data_1.csv","chan":"stdout","logger":"task"}
{"timestamp":"2025-05-28T06:56:49.598344Z","level":"info","event":"✅ Downloaded https://tdhghaslnufgtzjybhhf.supabase.co/storage/v1/object/public/datasets/Retail/retail_data_2.csv","chan":"stdout","logger":"task"}
{"timestamp":"2025-05-28T06:56:49.746024Z","level":"info","event":"⬆️  Uploaded to MinIO: raw/retail_data_2.csv","chan":"stdout","logger":"task"}
{"timestamp":"2025-05-28T06:56:57.171857Z","level":"info","event":"✅ Downloaded https://tdhghaslnufgtzjybhhf.supabase.co/storage/v1/object/public/datasets/Retail/retail_data_3.csv","chan":"stdout","logger":"task"}
{"timestamp":"2025-05-28T06:56:57.504170Z","level":"info","event":"⬆️  Uploaded to MinIO: raw/retail_data_3.csv","chan":"stdout","logger":"task"}
{"timestamp":"2025-05-28T06:56:58.686525Z","level":"info","event":"✅ Downloaded https://tdhghaslnufgtzjybhhf.supabase.co/storage/v1/object/public/datasets/Retail/retail_data_4.csv","chan":"stdout","logger":"task"}
{"timestamp":"2025-05-28T06:56:58.820424Z","level":"info","event":"⬆️  Uploaded to MinIO: raw/retail_data_4.csv","chan":"stdout","logger":"task"}
{"timestamp":"2025-05-28T06:57:06.251887Z","level":"info","event":"✅ Downloaded https://tdhghaslnufgtzjybhhf.supabase.co/storage/v1/object/public/datasets/Retail/retail_data_5.csv","chan":"stdout","logger":"task"}
{"timestamp":"2025-05-28T06:57:06.482967Z","level":"info","event":"⬆️  Uploaded to MinIO: raw/retail_data_5.csv","chan":"stdout","logger":"task"}
{"timestamp":"2025-05-28T06:57:07.802033Z","level":"info","event":"✅ Downloaded https://tdhghaslnufgtzjybhhf.supabase.co/storage/v1/object/public/datasets/Retail/retail_data_6.csv","chan":"stdout","logger":"task"}
{"timestamp":"2025-05-28T06:57:07.955535Z","level":"info","event":"⬆️  Uploaded to MinIO: raw/retail_data_6.csv","chan":"stdout","logger":"task"}
{"timestamp":"2025-05-28T06:57:15.357487Z","level":"info","event":"✅ Downloaded https://tdhghaslnufgtzjybhhf.supabase.co/storage/v1/object/public/datasets/Retail/retail_data_7.csv","chan":"stdout","logger":"task"}
{"timestamp":"2025-05-28T06:57:15.531995Z","level":"info","event":"⬆️  Uploaded to MinIO: raw/retail_data_7.csv","chan":"stdout","logger":"task"}
{"timestamp":"2025-05-28T06:57:23.558429Z","level":"info","event":"✅ Downloaded https://tdhghaslnufgtzjybhhf.supabase.co/storage/v1/object/public/datasets/Retail/retail_data_8.csv","chan":"stdout","logger":"task"}
{"timestamp":"2025-05-28T06:57:23.711092Z","level":"info","event":"⬆️  Uploaded to MinIO: raw/retail_data_8.csv","chan":"stdout","logger":"task"}
{"timestamp":"2025-05-28T06:57:31.291945Z","level":"info","event":"✅ Downloaded https://tdhghaslnufgtzjybhhf.supabase.co/storage/v1/object/public/datasets/Retail/retail_data_9.csv","chan":"stdout","logger":"task"}
{"timestamp":"2025-05-28T06:57:31.424374Z","level":"info","event":"⬆️  Uploaded to MinIO: raw/retail_data_9.csv","chan":"stdout","logger":"task"}
{"timestamp":"2025-05-28T06:57:38.758618Z","level":"info","event":"✅ Downloaded https://tdhghaslnufgtzjybhhf.supabase.co/storage/v1/object/public/datasets/Retail/retail_data_10.csv","chan":"stdout","logger":"task"}
{"timestamp":"2025-05-28T06:57:38.885531Z","level":"info","event":"⬆️  Uploaded to MinIO: raw/retail_data_10.csv","chan":"stdout","logger":"task"}
{"timestamp":"2025-05-28T06:57:38.938552Z","level":"error","event":"JAVA_HOME is not set","chan":"stderr","logger":"task"}
{"timestamp":"2025-05-28T06:57:39.017495","level":"error","event":"Task failed with exception","logger":"task","error_detail":[{"exc_type":"PySparkRuntimeError","exc_value":"[JAVA_GATEWAY_EXITED] Java gateway process exited before sending its port number.","exc_notes":[],"syntax_error":null,"is_cause":false,"frames":[{"filename":"/home/airflow/.local/lib/python3.12/site-packages/airflow/sdk/execution_time/task_runner.py","lineno":838,"name":"run"},{"filename":"/home/airflow/.local/lib/python3.12/site-packages/airflow/sdk/execution_time/task_runner.py","lineno":1130,"name":"_execute_task"},{"filename":"/home/airflow/.local/lib/python3.12/site-packages/airflow/sdk/bases/operator.py","lineno":408,"name":"wrapper"},{"filename":"/home/airflow/.local/lib/python3.12/site-packages/airflow/providers/standard/operators/python.py","lineno":212,"name":"execute"},{"filename":"/home/airflow/.local/lib/python3.12/site-packages/airflow/providers/standard/operators/python.py","lineno":235,"name":"execute_callable"},{"filename":"/home/airflow/.local/lib/python3.12/site-packages/airflow/sdk/execution_time/callback_runner.py","lineno":81,"name":"run"},{"filename":"/opt/airflow/dags/functions/retail/extract.py","lineno":57,"name":"data_ingestion"},{"filename":"/home/airflow/.local/lib/python3.12/site-packages/pyspark/sql/session.py","lineno":556,"name":"getOrCreate"},{"filename":"/home/airflow/.local/lib/python3.12/site-packages/pyspark/core/context.py","lineno":523,"name":"getOrCreate"},{"filename":"/home/airflow/.local/lib/python3.12/site-packages/pyspark/core/context.py","lineno":205,"name":"__init__"},{"filename":"/home/airflow/.local/lib/python3.12/site-packages/pyspark/core/context.py","lineno":444,"name":"_ensure_initialized"},{"filename":"/home/airflow/.local/lib/python3.12/site-packages/pyspark/java_gateway.py","lineno":111,"name":"launch_gateway"}]}]}
